2023-06-18 17:56:07,828 [Worker-2: Loading available Gradle versions] INFO  o.e.b.c.i.u.g.PublishedGradleVersions - Gradle version information cache is up-to-date. Trying to read.
2023-06-18 18:39:04,381 [Worker-8: Creating project "cl1"] INFO  o.e.m.c.i.l.LifecycleMappingFactory - Using org.eclipse.m2e.jdt.JarLifecycleMapping lifecycle mapping for MavenProject: daw.cl1.igme.marcial:cl1:0.0.1-SNAPSHOT @ E:\Cibertec\DesarrolloDeAplicacionesWebI\exams\cl1\pom.xml.
2023-06-18 18:39:05,702 [Worker-8: Creating project "cl1"] INFO  o.e.m.j.i.AbstractJavaProjectConfigurator - Adding source folder /cl1/src/main/java
2023-06-18 18:39:05,704 [Worker-8: Creating project "cl1"] INFO  o.e.m.j.i.AbstractJavaProjectConfigurator - Adding resource folder /cl1/src/main/resources
2023-06-18 18:39:05,705 [Worker-8: Creating project "cl1"] INFO  o.e.m.j.i.AbstractJavaProjectConfigurator - Adding source folder /cl1/src/test/java
2023-06-18 18:39:05,705 [Worker-8: Creating project "cl1"] INFO  o.e.m.j.i.AbstractJavaProjectConfigurator - Adding resource folder /cl1/src/test/resources
2023-06-18 18:39:07,879 [Worker-14: Building] WARN  o.e.m.c.i.embedder.EclipseLogger - Using platform encoding (Cp1252 actually) to copy filtered resources, i.e. build is platform dependent!
2023-06-18 18:39:07,942 [Worker-14: Building] INFO  o.e.m.c.i.embedder.EclipseLogger - Copying 0 resource
2023-06-18 18:39:07,945 [Worker-14: Building] WARN  o.e.m.c.i.embedder.EclipseLogger - Using platform encoding (Cp1252 actually) to copy filtered resources, i.e. build is platform dependent!
2023-06-18 18:39:07,946 [Worker-14: Building] INFO  o.e.m.c.i.embedder.EclipseLogger - Copying 0 resource
2023-06-18 18:52:54,403 [Worker-15: Building] WARN  o.e.m.c.i.embedder.EclipseLogger - Using platform encoding (Cp1252 actually) to copy filtered resources, i.e. build is platform dependent!
2023-06-18 18:52:54,406 [Worker-15: Building] INFO  o.e.m.c.i.embedder.EclipseLogger - Copying 0 resource
2023-06-18 18:52:54,408 [Worker-15: Building] WARN  o.e.m.c.i.embedder.EclipseLogger - Using platform encoding (Cp1252 actually) to copy filtered resources, i.e. build is platform dependent!
2023-06-18 18:52:54,410 [Worker-15: Building] INFO  o.e.m.c.i.embedder.EclipseLogger - Copying 0 resource
2023-06-18 18:54:34,549 [Worker-15: Building] WARN  o.e.m.c.i.embedder.EclipseLogger - Using platform encoding (Cp1252 actually) to copy filtered resources, i.e. build is platform dependent!
2023-06-18 18:54:34,550 [Worker-15: Building] INFO  o.e.m.c.i.embedder.EclipseLogger - Copying 1 resource
2023-06-18 18:54:34,556 [Worker-15: Building] WARN  o.e.m.c.i.embedder.EclipseLogger - Using platform encoding (Cp1252 actually) to copy filtered resources, i.e. build is platform dependent!
2023-06-18 18:54:34,557 [Worker-15: Building] INFO  o.e.m.c.i.embedder.EclipseLogger - Copying 0 resource
2023-06-18 18:55:38,171 [Worker-15: Building] WARN  o.e.m.c.i.embedder.EclipseLogger - Using platform encoding (Cp1252 actually) to copy filtered resources, i.e. build is platform dependent!
2023-06-18 18:55:38,172 [Worker-15: Building] INFO  o.e.m.c.i.embedder.EclipseLogger - Copying 1 resource
2023-06-18 18:55:38,175 [Worker-15: Building] WARN  o.e.m.c.i.embedder.EclipseLogger - Using platform encoding (Cp1252 actually) to copy filtered resources, i.e. build is platform dependent!
2023-06-18 18:55:38,175 [Worker-15: Building] INFO  o.e.m.c.i.embedder.EclipseLogger - Copying 0 resource
2023-06-18 18:55:55,050 [Worker-20: Building] WARN  o.e.m.c.i.embedder.EclipseLogger - Using platform encoding (Cp1252 actually) to copy filtered resources, i.e. build is platform dependent!
2023-06-18 18:55:55,117 [Worker-20: Building] INFO  o.e.m.c.i.embedder.EclipseLogger - Copying 1 resource
2023-06-18 18:55:55,119 [Worker-20: Building] WARN  o.e.m.c.i.embedder.EclipseLogger - Using platform encoding (Cp1252 actually) to copy filtered resources, i.e. build is platform dependent!
2023-06-18 18:55:55,120 [Worker-20: Building] INFO  o.e.m.c.i.embedder.EclipseLogger - Copying 0 resource
2023-06-18 18:56:24,114 [Worker-20: Building] WARN  o.e.m.c.i.embedder.EclipseLogger - Using platform encoding (Cp1252 actually) to copy filtered resources, i.e. build is platform dependent!
2023-06-18 18:56:24,115 [Worker-20: Building] INFO  o.e.m.c.i.embedder.EclipseLogger - Copying 1 resource
2023-06-18 18:56:24,119 [Worker-20: Building] WARN  o.e.m.c.i.embedder.EclipseLogger - Using platform encoding (Cp1252 actually) to copy filtered resources, i.e. build is platform dependent!
2023-06-18 18:56:24,120 [Worker-20: Building] INFO  o.e.m.c.i.embedder.EclipseLogger - Copying 0 resource
2023-06-18 18:57:20,202 [Worker-19: Building] WARN  o.e.m.c.i.embedder.EclipseLogger - Using platform encoding (Cp1252 actually) to copy filtered resources, i.e. build is platform dependent!
2023-06-18 18:57:20,204 [Worker-19: Building] INFO  o.e.m.c.i.embedder.EclipseLogger - Copying 1 resource
2023-06-18 18:57:20,208 [Worker-19: Building] WARN  o.e.m.c.i.embedder.EclipseLogger - Using platform encoding (Cp1252 actually) to copy filtered resources, i.e. build is platform dependent!
2023-06-18 18:57:20,210 [Worker-19: Building] INFO  o.e.m.c.i.embedder.EclipseLogger - Copying 0 resource
2023-06-18 18:57:21,218 [Worker-20: Building] WARN  o.e.m.c.i.embedder.EclipseLogger - Using platform encoding (Cp1252 actually) to copy filtered resources, i.e. build is platform dependent!
2023-06-18 18:57:21,219 [Worker-20: Building] INFO  o.e.m.c.i.embedder.EclipseLogger - Copying 0 resource
2023-06-18 18:57:21,223 [Worker-20: Building] WARN  o.e.m.c.i.embedder.EclipseLogger - Using platform encoding (Cp1252 actually) to copy filtered resources, i.e. build is platform dependent!
2023-06-18 18:57:21,224 [Worker-20: Building] INFO  o.e.m.c.i.embedder.EclipseLogger - Copying 0 resource
2023-06-18 18:57:36,320 [Worker-21: Building] WARN  o.e.m.c.i.embedder.EclipseLogger - Using platform encoding (Cp1252 actually) to copy filtered resources, i.e. build is platform dependent!
2023-06-18 18:57:36,322 [Worker-21: Building] INFO  o.e.m.c.i.embedder.EclipseLogger - Copying 1 resource
2023-06-18 18:57:36,324 [Worker-21: Building] WARN  o.e.m.c.i.embedder.EclipseLogger - Using platform encoding (Cp1252 actually) to copy filtered resources, i.e. build is platform dependent!
2023-06-18 18:57:36,325 [Worker-21: Building] INFO  o.e.m.c.i.embedder.EclipseLogger - Copying 0 resource
2023-06-18 18:58:02,304 [Worker-21: Building] WARN  o.e.m.c.i.embedder.EclipseLogger - Using platform encoding (Cp1252 actually) to copy filtered resources, i.e. build is platform dependent!
2023-06-18 18:58:02,305 [Worker-21: Building] INFO  o.e.m.c.i.embedder.EclipseLogger - Copying 1 resource
2023-06-18 18:58:02,307 [Worker-21: Building] WARN  o.e.m.c.i.embedder.EclipseLogger - Using platform encoding (Cp1252 actually) to copy filtered resources, i.e. build is platform dependent!
2023-06-18 18:58:02,308 [Worker-21: Building] INFO  o.e.m.c.i.embedder.EclipseLogger - Copying 0 resource
2023-06-18 18:58:18,010 [Worker-19: Building] WARN  o.e.m.c.i.embedder.EclipseLogger - Using platform encoding (Cp1252 actually) to copy filtered resources, i.e. build is platform dependent!
2023-06-18 18:58:18,011 [Worker-19: Building] INFO  o.e.m.c.i.embedder.EclipseLogger - Copying 1 resource
2023-06-18 18:58:18,015 [Worker-19: Building] WARN  o.e.m.c.i.embedder.EclipseLogger - Using platform encoding (Cp1252 actually) to copy filtered resources, i.e. build is platform dependent!
2023-06-18 18:58:18,016 [Worker-19: Building] INFO  o.e.m.c.i.embedder.EclipseLogger - Copying 0 resource
2023-06-18 18:58:50,407 [Worker-20: Building] WARN  o.e.m.c.i.embedder.EclipseLogger - Using platform encoding (Cp1252 actually) to copy filtered resources, i.e. build is platform dependent!
2023-06-18 18:58:50,408 [Worker-20: Building] INFO  o.e.m.c.i.embedder.EclipseLogger - Copying 1 resource
2023-06-18 18:58:50,410 [Worker-20: Building] WARN  o.e.m.c.i.embedder.EclipseLogger - Using platform encoding (Cp1252 actually) to copy filtered resources, i.e. build is platform dependent!
2023-06-18 18:58:50,411 [Worker-20: Building] INFO  o.e.m.c.i.embedder.EclipseLogger - Copying 0 resource
2023-06-18 18:59:17,494 [Worker-19: Building] WARN  o.e.m.c.i.embedder.EclipseLogger - Using platform encoding (Cp1252 actually) to copy filtered resources, i.e. build is platform dependent!
2023-06-18 18:59:17,494 [Worker-19: Building] INFO  o.e.m.c.i.embedder.EclipseLogger - Copying 1 resource
2023-06-18 18:59:17,496 [Worker-19: Building] WARN  o.e.m.c.i.embedder.EclipseLogger - Using platform encoding (Cp1252 actually) to copy filtered resources, i.e. build is platform dependent!
2023-06-18 18:59:17,496 [Worker-19: Building] INFO  o.e.m.c.i.embedder.EclipseLogger - Copying 0 resource
2023-06-18 18:59:42,292 [Worker-20: Building] WARN  o.e.m.c.i.embedder.EclipseLogger - Using platform encoding (Cp1252 actually) to copy filtered resources, i.e. build is platform dependent!
2023-06-18 18:59:42,293 [Worker-20: Building] INFO  o.e.m.c.i.embedder.EclipseLogger - Copying 1 resource
2023-06-18 18:59:42,294 [Worker-20: Building] WARN  o.e.m.c.i.embedder.EclipseLogger - Using platform encoding (Cp1252 actually) to copy filtered resources, i.e. build is platform dependent!
2023-06-18 18:59:42,295 [Worker-20: Building] INFO  o.e.m.c.i.embedder.EclipseLogger - Copying 0 resource
2023-06-18 19:00:01,926 [Worker-18: Building] WARN  o.e.m.c.i.embedder.EclipseLogger - Using platform encoding (Cp1252 actually) to copy filtered resources, i.e. build is platform dependent!
2023-06-18 19:00:01,927 [Worker-18: Building] INFO  o.e.m.c.i.embedder.EclipseLogger - Copying 1 resource
2023-06-18 19:00:01,928 [Worker-18: Building] WARN  o.e.m.c.i.embedder.EclipseLogger - Using platform encoding (Cp1252 actually) to copy filtered resources, i.e. build is platform dependent!
2023-06-18 19:00:01,929 [Worker-18: Building] INFO  o.e.m.c.i.embedder.EclipseLogger - Copying 0 resource
2023-06-18 19:00:08,440 [Worker-21: Building] WARN  o.e.m.c.i.embedder.EclipseLogger - Using platform encoding (Cp1252 actually) to copy filtered resources, i.e. build is platform dependent!
2023-06-18 19:00:08,441 [Worker-21: Building] INFO  o.e.m.c.i.embedder.EclipseLogger - Copying 1 resource
2023-06-18 19:00:08,444 [Worker-21: Building] WARN  o.e.m.c.i.embedder.EclipseLogger - Using platform encoding (Cp1252 actually) to copy filtered resources, i.e. build is platform dependent!
2023-06-18 19:00:08,444 [Worker-21: Building] INFO  o.e.m.c.i.embedder.EclipseLogger - Copying 0 resource
2023-06-18 19:01:25,596 [Worker-15: Building] WARN  o.e.m.c.i.embedder.EclipseLogger - Using platform encoding (Cp1252 actually) to copy filtered resources, i.e. build is platform dependent!
2023-06-18 19:01:25,597 [Worker-15: Building] INFO  o.e.m.c.i.embedder.EclipseLogger - Copying 1 resource
2023-06-18 19:01:25,599 [Worker-15: Building] WARN  o.e.m.c.i.embedder.EclipseLogger - Using platform encoding (Cp1252 actually) to copy filtered resources, i.e. build is platform dependent!
2023-06-18 19:01:25,600 [Worker-15: Building] INFO  o.e.m.c.i.embedder.EclipseLogger - Copying 0 resource
2023-06-18 19:01:29,526 [Worker-20: Building] WARN  o.e.m.c.i.embedder.EclipseLogger - Using platform encoding (Cp1252 actually) to copy filtered resources, i.e. build is platform dependent!
2023-06-18 19:01:29,529 [Worker-20: Building] INFO  o.e.m.c.i.embedder.EclipseLogger - Copying 1 resource
2023-06-18 19:01:29,532 [Worker-20: Building] WARN  o.e.m.c.i.embedder.EclipseLogger - Using platform encoding (Cp1252 actually) to copy filtered resources, i.e. build is platform dependent!
2023-06-18 19:01:29,533 [Worker-20: Building] INFO  o.e.m.c.i.embedder.EclipseLogger - Copying 0 resource
2023-06-18 19:03:10,665 [Worker-22: Building] INFO  o.e.m.c.i.l.LifecycleMappingFactory - Using org.eclipse.m2e.jdt.JarLifecycleMapping lifecycle mapping for MavenProject: daw.cl1.igme.marcial:cl1:0.0.1-SNAPSHOT @ E:\Cibertec\DesarrolloDeAplicacionesWebI\exams\cl1\pom.xml.
2023-06-18 19:03:10,874 [Worker-22: Building] WARN  o.e.m.c.i.embedder.EclipseLogger - Using platform encoding (Cp1252 actually) to copy filtered resources, i.e. build is platform dependent!
2023-06-18 19:03:10,875 [Worker-22: Building] INFO  o.e.m.c.i.embedder.EclipseLogger - Copying 0 resource
2023-06-18 19:03:10,877 [Worker-22: Building] WARN  o.e.m.c.i.embedder.EclipseLogger - Using platform encoding (Cp1252 actually) to copy filtered resources, i.e. build is platform dependent!
2023-06-18 19:03:10,878 [Worker-22: Building] INFO  o.e.m.c.i.embedder.EclipseLogger - Copying 0 resource
2023-06-18 19:03:12,136 [Worker-15: Building] WARN  o.e.m.c.i.embedder.EclipseLogger - Using platform encoding (Cp1252 actually) to copy filtered resources, i.e. build is platform dependent!
2023-06-18 19:03:12,136 [Worker-15: Building] INFO  o.e.m.c.i.embedder.EclipseLogger - Copying 1 resource
2023-06-18 19:03:12,143 [Worker-15: Building] WARN  o.e.m.c.i.embedder.EclipseLogger - Using platform encoding (Cp1252 actually) to copy filtered resources, i.e. build is platform dependent!
2023-06-18 19:03:12,143 [Worker-15: Building] INFO  o.e.m.c.i.embedder.EclipseLogger - Copying 0 resource
2023-06-18 19:03:55,580 [Worker-23: Building] WARN  o.e.m.c.i.embedder.EclipseLogger - Using platform encoding (Cp1252 actually) to copy filtered resources, i.e. build is platform dependent!
2023-06-18 19:03:55,581 [Worker-23: Building] INFO  o.e.m.c.i.embedder.EclipseLogger - Copying 1 resource
2023-06-18 19:03:55,583 [Worker-23: Building] WARN  o.e.m.c.i.embedder.EclipseLogger - Using platform encoding (Cp1252 actually) to copy filtered resources, i.e. build is platform dependent!
2023-06-18 19:03:55,584 [Worker-23: Building] INFO  o.e.m.c.i.embedder.EclipseLogger - Copying 0 resource
2023-06-18 19:04:03,233 [Worker-19: Building] WARN  o.e.m.c.i.embedder.EclipseLogger - Using platform encoding (Cp1252 actually) to copy filtered resources, i.e. build is platform dependent!
2023-06-18 19:04:03,233 [Worker-19: Building] INFO  o.e.m.c.i.embedder.EclipseLogger - Copying 1 resource
2023-06-18 19:04:03,235 [Worker-19: Building] WARN  o.e.m.c.i.embedder.EclipseLogger - Using platform encoding (Cp1252 actually) to copy filtered resources, i.e. build is platform dependent!
2023-06-18 19:04:03,235 [Worker-19: Building] INFO  o.e.m.c.i.embedder.EclipseLogger - Copying 0 resource
2023-06-18 19:04:12,020 [Worker-19: Building] WARN  o.e.m.c.i.embedder.EclipseLogger - Using platform encoding (Cp1252 actually) to copy filtered resources, i.e. build is platform dependent!
2023-06-18 19:04:12,021 [Worker-19: Building] INFO  o.e.m.c.i.embedder.EclipseLogger - Copying 1 resource
2023-06-18 19:04:12,023 [Worker-19: Building] WARN  o.e.m.c.i.embedder.EclipseLogger - Using platform encoding (Cp1252 actually) to copy filtered resources, i.e. build is platform dependent!
2023-06-18 19:04:12,023 [Worker-19: Building] INFO  o.e.m.c.i.embedder.EclipseLogger - Copying 0 resource
2023-06-18 19:04:14,085 [Worker-20: Building] WARN  o.e.m.c.i.embedder.EclipseLogger - Using platform encoding (Cp1252 actually) to copy filtered resources, i.e. build is platform dependent!
2023-06-18 19:04:14,086 [Worker-20: Building] INFO  o.e.m.c.i.embedder.EclipseLogger - Copying 1 resource
2023-06-18 19:04:14,088 [Worker-20: Building] WARN  o.e.m.c.i.embedder.EclipseLogger - Using platform encoding (Cp1252 actually) to copy filtered resources, i.e. build is platform dependent!
2023-06-18 19:04:14,088 [Worker-20: Building] INFO  o.e.m.c.i.embedder.EclipseLogger - Copying 0 resource
2023-06-18 19:06:30,617 [Worker-15: Building] WARN  o.e.m.c.i.embedder.EclipseLogger - Using platform encoding (Cp1252 actually) to copy filtered resources, i.e. build is platform dependent!
2023-06-18 19:06:30,618 [Worker-15: Building] INFO  o.e.m.c.i.embedder.EclipseLogger - Copying 1 resource
2023-06-18 19:06:30,620 [Worker-15: Building] WARN  o.e.m.c.i.embedder.EclipseLogger - Using platform encoding (Cp1252 actually) to copy filtered resources, i.e. build is platform dependent!
2023-06-18 19:06:30,621 [Worker-15: Building] INFO  o.e.m.c.i.embedder.EclipseLogger - Copying 0 resource
2023-06-18 19:06:39,825 [Worker-19: Building] WARN  o.e.m.c.i.embedder.EclipseLogger - Using platform encoding (Cp1252 actually) to copy filtered resources, i.e. build is platform dependent!
2023-06-18 19:06:39,826 [Worker-19: Building] INFO  o.e.m.c.i.embedder.EclipseLogger - Copying 1 resource
2023-06-18 19:06:39,830 [Worker-19: Building] WARN  o.e.m.c.i.embedder.EclipseLogger - Using platform encoding (Cp1252 actually) to copy filtered resources, i.e. build is platform dependent!
2023-06-18 19:06:39,831 [Worker-19: Building] INFO  o.e.m.c.i.embedder.EclipseLogger - Copying 0 resource
2023-06-18 19:07:00,554 [Worker-19: Building] WARN  o.e.m.c.i.embedder.EclipseLogger - Using platform encoding (Cp1252 actually) to copy filtered resources, i.e. build is platform dependent!
2023-06-18 19:07:00,555 [Worker-19: Building] INFO  o.e.m.c.i.embedder.EclipseLogger - Copying 1 resource
2023-06-18 19:07:00,557 [Worker-19: Building] WARN  o.e.m.c.i.embedder.EclipseLogger - Using platform encoding (Cp1252 actually) to copy filtered resources, i.e. build is platform dependent!
2023-06-18 19:07:00,557 [Worker-19: Building] INFO  o.e.m.c.i.embedder.EclipseLogger - Copying 0 resource
2023-06-18 19:07:11,698 [Worker-15: Building] WARN  o.e.m.c.i.embedder.EclipseLogger - Using platform encoding (Cp1252 actually) to copy filtered resources, i.e. build is platform dependent!
2023-06-18 19:07:11,699 [Worker-15: Building] INFO  o.e.m.c.i.embedder.EclipseLogger - Copying 1 resource
2023-06-18 19:07:11,701 [Worker-15: Building] WARN  o.e.m.c.i.embedder.EclipseLogger - Using platform encoding (Cp1252 actually) to copy filtered resources, i.e. build is platform dependent!
2023-06-18 19:07:11,701 [Worker-15: Building] INFO  o.e.m.c.i.embedder.EclipseLogger - Copying 0 resource
2023-06-18 19:07:15,658 [Worker-26: Building] WARN  o.e.m.c.i.embedder.EclipseLogger - Using platform encoding (Cp1252 actually) to copy filtered resources, i.e. build is platform dependent!
2023-06-18 19:07:15,659 [Worker-26: Building] INFO  o.e.m.c.i.embedder.EclipseLogger - Copying 1 resource
2023-06-18 19:07:15,661 [Worker-26: Building] WARN  o.e.m.c.i.embedder.EclipseLogger - Using platform encoding (Cp1252 actually) to copy filtered resources, i.e. build is platform dependent!
2023-06-18 19:07:15,662 [Worker-26: Building] INFO  o.e.m.c.i.embedder.EclipseLogger - Copying 0 resource
2023-06-18 19:09:36,958 [Worker-25: Building] WARN  o.e.m.c.i.embedder.EclipseLogger - Using platform encoding (Cp1252 actually) to copy filtered resources, i.e. build is platform dependent!
2023-06-18 19:09:36,958 [Worker-25: Building] INFO  o.e.m.c.i.embedder.EclipseLogger - Copying 1 resource
2023-06-18 19:09:36,960 [Worker-25: Building] WARN  o.e.m.c.i.embedder.EclipseLogger - Using platform encoding (Cp1252 actually) to copy filtered resources, i.e. build is platform dependent!
2023-06-18 19:09:36,961 [Worker-25: Building] INFO  o.e.m.c.i.embedder.EclipseLogger - Copying 0 resource
2023-06-18 19:10:33,324 [Worker-24: Building] WARN  o.e.m.c.i.embedder.EclipseLogger - Using platform encoding (Cp1252 actually) to copy filtered resources, i.e. build is platform dependent!
2023-06-18 19:10:33,325 [Worker-24: Building] INFO  o.e.m.c.i.embedder.EclipseLogger - Copying 1 resource
2023-06-18 19:10:33,327 [Worker-24: Building] WARN  o.e.m.c.i.embedder.EclipseLogger - Using platform encoding (Cp1252 actually) to copy filtered resources, i.e. build is platform dependent!
2023-06-18 19:10:33,328 [Worker-24: Building] INFO  o.e.m.c.i.embedder.EclipseLogger - Copying 0 resource
2023-06-18 19:11:52,228 [Worker-15: Building] WARN  o.e.m.c.i.embedder.EclipseLogger - Using platform encoding (Cp1252 actually) to copy filtered resources, i.e. build is platform dependent!
2023-06-18 19:11:52,229 [Worker-15: Building] INFO  o.e.m.c.i.embedder.EclipseLogger - Copying 1 resource
2023-06-18 19:11:52,231 [Worker-15: Building] WARN  o.e.m.c.i.embedder.EclipseLogger - Using platform encoding (Cp1252 actually) to copy filtered resources, i.e. build is platform dependent!
2023-06-18 19:11:52,232 [Worker-15: Building] INFO  o.e.m.c.i.embedder.EclipseLogger - Copying 0 resource
2023-06-18 19:15:20,258 [Worker-30: Building] WARN  o.e.m.c.i.embedder.EclipseLogger - Using platform encoding (Cp1252 actually) to copy filtered resources, i.e. build is platform dependent!
2023-06-18 19:15:20,259 [Worker-30: Building] INFO  o.e.m.c.i.embedder.EclipseLogger - Copying 1 resource
2023-06-18 19:15:20,260 [Worker-30: Building] WARN  o.e.m.c.i.embedder.EclipseLogger - Using platform encoding (Cp1252 actually) to copy filtered resources, i.e. build is platform dependent!
2023-06-18 19:15:20,261 [Worker-30: Building] INFO  o.e.m.c.i.embedder.EclipseLogger - Copying 0 resource
2023-06-18 19:16:34,756 [Worker-29: Building] WARN  o.e.m.c.i.embedder.EclipseLogger - Using platform encoding (Cp1252 actually) to copy filtered resources, i.e. build is platform dependent!
2023-06-18 19:16:34,756 [Worker-29: Building] INFO  o.e.m.c.i.embedder.EclipseLogger - Copying 1 resource
2023-06-18 19:16:34,759 [Worker-29: Building] WARN  o.e.m.c.i.embedder.EclipseLogger - Using platform encoding (Cp1252 actually) to copy filtered resources, i.e. build is platform dependent!
2023-06-18 19:16:34,759 [Worker-29: Building] INFO  o.e.m.c.i.embedder.EclipseLogger - Copying 0 resource
2023-06-18 19:17:25,374 [Worker-30: Building] WARN  o.e.m.c.i.embedder.EclipseLogger - Using platform encoding (Cp1252 actually) to copy filtered resources, i.e. build is platform dependent!
2023-06-18 19:17:25,375 [Worker-30: Building] INFO  o.e.m.c.i.embedder.EclipseLogger - Copying 1 resource
2023-06-18 19:17:25,376 [Worker-30: Building] WARN  o.e.m.c.i.embedder.EclipseLogger - Using platform encoding (Cp1252 actually) to copy filtered resources, i.e. build is platform dependent!
2023-06-18 19:17:25,377 [Worker-30: Building] INFO  o.e.m.c.i.embedder.EclipseLogger - Copying 0 resource
2023-06-18 19:17:57,077 [Worker-29: Building] WARN  o.e.m.c.i.embedder.EclipseLogger - Using platform encoding (Cp1252 actually) to copy filtered resources, i.e. build is platform dependent!
2023-06-18 19:17:57,078 [Worker-29: Building] INFO  o.e.m.c.i.embedder.EclipseLogger - Copying 1 resource
2023-06-18 19:17:57,079 [Worker-29: Building] WARN  o.e.m.c.i.embedder.EclipseLogger - Using platform encoding (Cp1252 actually) to copy filtered resources, i.e. build is platform dependent!
2023-06-18 19:17:57,080 [Worker-29: Building] INFO  o.e.m.c.i.embedder.EclipseLogger - Copying 0 resource
2023-06-18 19:17:59,700 [Worker-30: Building] WARN  o.e.m.c.i.embedder.EclipseLogger - Using platform encoding (Cp1252 actually) to copy filtered resources, i.e. build is platform dependent!
2023-06-18 19:17:59,701 [Worker-30: Building] INFO  o.e.m.c.i.embedder.EclipseLogger - Copying 1 resource
2023-06-18 19:17:59,702 [Worker-30: Building] WARN  o.e.m.c.i.embedder.EclipseLogger - Using platform encoding (Cp1252 actually) to copy filtered resources, i.e. build is platform dependent!
2023-06-18 19:17:59,703 [Worker-30: Building] INFO  o.e.m.c.i.embedder.EclipseLogger - Copying 0 resource
2023-06-18 19:18:13,445 [Worker-31: Building] WARN  o.e.m.c.i.embedder.EclipseLogger - Using platform encoding (Cp1252 actually) to copy filtered resources, i.e. build is platform dependent!
2023-06-18 19:18:13,446 [Worker-31: Building] INFO  o.e.m.c.i.embedder.EclipseLogger - Copying 1 resource
2023-06-18 19:18:13,447 [Worker-31: Building] WARN  o.e.m.c.i.embedder.EclipseLogger - Using platform encoding (Cp1252 actually) to copy filtered resources, i.e. build is platform dependent!
2023-06-18 19:18:13,448 [Worker-31: Building] INFO  o.e.m.c.i.embedder.EclipseLogger - Copying 0 resource
2023-06-18 19:18:43,542 [Worker-31: Building] WARN  o.e.m.c.i.embedder.EclipseLogger - Using platform encoding (Cp1252 actually) to copy filtered resources, i.e. build is platform dependent!
2023-06-18 19:18:43,543 [Worker-31: Building] INFO  o.e.m.c.i.embedder.EclipseLogger - Copying 1 resource
2023-06-18 19:18:43,545 [Worker-31: Building] WARN  o.e.m.c.i.embedder.EclipseLogger - Using platform encoding (Cp1252 actually) to copy filtered resources, i.e. build is platform dependent!
2023-06-18 19:18:43,545 [Worker-31: Building] INFO  o.e.m.c.i.embedder.EclipseLogger - Copying 0 resource
2023-06-18 19:23:53,259 [Worker-29: Building] WARN  o.e.m.c.i.embedder.EclipseLogger - Using platform encoding (Cp1252 actually) to copy filtered resources, i.e. build is platform dependent!
2023-06-18 19:23:53,259 [Worker-29: Building] INFO  o.e.m.c.i.embedder.EclipseLogger - Copying 1 resource
2023-06-18 19:23:53,261 [Worker-29: Building] WARN  o.e.m.c.i.embedder.EclipseLogger - Using platform encoding (Cp1252 actually) to copy filtered resources, i.e. build is platform dependent!
2023-06-18 19:23:53,261 [Worker-29: Building] INFO  o.e.m.c.i.embedder.EclipseLogger - Copying 0 resource
2023-06-18 19:24:00,982 [Worker-35: Building] WARN  o.e.m.c.i.embedder.EclipseLogger - Using platform encoding (Cp1252 actually) to copy filtered resources, i.e. build is platform dependent!
2023-06-18 19:24:00,983 [Worker-35: Building] INFO  o.e.m.c.i.embedder.EclipseLogger - Copying 1 resource
2023-06-18 19:24:00,984 [Worker-35: Building] WARN  o.e.m.c.i.embedder.EclipseLogger - Using platform encoding (Cp1252 actually) to copy filtered resources, i.e. build is platform dependent!
2023-06-18 19:24:00,985 [Worker-35: Building] INFO  o.e.m.c.i.embedder.EclipseLogger - Copying 0 resource
2023-06-18 19:25:42,159 [Worker-24: Building] WARN  o.e.m.c.i.embedder.EclipseLogger - Using platform encoding (Cp1252 actually) to copy filtered resources, i.e. build is platform dependent!
2023-06-18 19:25:42,160 [Worker-24: Building] INFO  o.e.m.c.i.embedder.EclipseLogger - Copying 1 resource
2023-06-18 19:25:42,162 [Worker-24: Building] WARN  o.e.m.c.i.embedder.EclipseLogger - Using platform encoding (Cp1252 actually) to copy filtered resources, i.e. build is platform dependent!
2023-06-18 19:25:42,162 [Worker-24: Building] INFO  o.e.m.c.i.embedder.EclipseLogger - Copying 0 resource
2023-06-18 19:29:01,929 [Worker-37: Building] WARN  o.e.m.c.i.embedder.EclipseLogger - Using platform encoding (Cp1252 actually) to copy filtered resources, i.e. build is platform dependent!
2023-06-18 19:29:01,930 [Worker-37: Building] INFO  o.e.m.c.i.embedder.EclipseLogger - Copying 1 resource
2023-06-18 19:29:01,931 [Worker-37: Building] WARN  o.e.m.c.i.embedder.EclipseLogger - Using platform encoding (Cp1252 actually) to copy filtered resources, i.e. build is platform dependent!
2023-06-18 19:29:01,932 [Worker-37: Building] INFO  o.e.m.c.i.embedder.EclipseLogger - Copying 0 resource
2023-06-18 19:29:09,330 [Worker-38: Building] WARN  o.e.m.c.i.embedder.EclipseLogger - Using platform encoding (Cp1252 actually) to copy filtered resources, i.e. build is platform dependent!
2023-06-18 19:29:09,331 [Worker-38: Building] INFO  o.e.m.c.i.embedder.EclipseLogger - Copying 1 resource
2023-06-18 19:29:09,332 [Worker-38: Building] WARN  o.e.m.c.i.embedder.EclipseLogger - Using platform encoding (Cp1252 actually) to copy filtered resources, i.e. build is platform dependent!
2023-06-18 19:29:09,333 [Worker-38: Building] INFO  o.e.m.c.i.embedder.EclipseLogger - Copying 0 resource
2023-06-18 19:29:47,402 [Worker-36: Building] WARN  o.e.m.c.i.embedder.EclipseLogger - Using platform encoding (Cp1252 actually) to copy filtered resources, i.e. build is platform dependent!
2023-06-18 19:29:47,403 [Worker-36: Building] INFO  o.e.m.c.i.embedder.EclipseLogger - Copying 1 resource
2023-06-18 19:29:47,404 [Worker-36: Building] WARN  o.e.m.c.i.embedder.EclipseLogger - Using platform encoding (Cp1252 actually) to copy filtered resources, i.e. build is platform dependent!
2023-06-18 19:29:47,405 [Worker-36: Building] INFO  o.e.m.c.i.embedder.EclipseLogger - Copying 0 resource
2023-06-18 19:30:15,347 [Worker-37: Building] WARN  o.e.m.c.i.embedder.EclipseLogger - Using platform encoding (Cp1252 actually) to copy filtered resources, i.e. build is platform dependent!
2023-06-18 19:30:15,348 [Worker-37: Building] INFO  o.e.m.c.i.embedder.EclipseLogger - Copying 1 resource
2023-06-18 19:30:15,349 [Worker-37: Building] WARN  o.e.m.c.i.embedder.EclipseLogger - Using platform encoding (Cp1252 actually) to copy filtered resources, i.e. build is platform dependent!
2023-06-18 19:30:15,350 [Worker-37: Building] INFO  o.e.m.c.i.embedder.EclipseLogger - Copying 0 resource
2023-06-18 19:32:41,291 [Worker-40: Building] WARN  o.e.m.c.i.embedder.EclipseLogger - Using platform encoding (Cp1252 actually) to copy filtered resources, i.e. build is platform dependent!
2023-06-18 19:32:41,292 [Worker-40: Building] INFO  o.e.m.c.i.embedder.EclipseLogger - Copying 1 resource
2023-06-18 19:32:41,294 [Worker-40: Building] WARN  o.e.m.c.i.embedder.EclipseLogger - Using platform encoding (Cp1252 actually) to copy filtered resources, i.e. build is platform dependent!
2023-06-18 19:32:41,295 [Worker-40: Building] INFO  o.e.m.c.i.embedder.EclipseLogger - Copying 0 resource
2023-06-18 19:49:18,932 [Worker-39: Building] WARN  o.e.m.c.i.embedder.EclipseLogger - Using platform encoding (Cp1252 actually) to copy filtered resources, i.e. build is platform dependent!
2023-06-18 19:49:18,933 [Worker-39: Building] INFO  o.e.m.c.i.embedder.EclipseLogger - Copying 1 resource
2023-06-18 19:49:18,934 [Worker-39: Building] WARN  o.e.m.c.i.embedder.EclipseLogger - Using platform encoding (Cp1252 actually) to copy filtered resources, i.e. build is platform dependent!
2023-06-18 19:49:18,935 [Worker-39: Building] INFO  o.e.m.c.i.embedder.EclipseLogger - Copying 0 resource
2023-06-18 19:52:50,054 [Worker-39: Building] WARN  o.e.m.c.i.embedder.EclipseLogger - Using platform encoding (Cp1252 actually) to copy filtered resources, i.e. build is platform dependent!
2023-06-18 19:52:50,055 [Worker-39: Building] INFO  o.e.m.c.i.embedder.EclipseLogger - Copying 1 resource
2023-06-18 19:52:50,056 [Worker-39: Building] WARN  o.e.m.c.i.embedder.EclipseLogger - Using platform encoding (Cp1252 actually) to copy filtered resources, i.e. build is platform dependent!
2023-06-18 19:52:50,057 [Worker-39: Building] INFO  o.e.m.c.i.embedder.EclipseLogger - Copying 0 resource
2023-06-18 19:54:16,789 [Worker-43: Building] WARN  o.e.m.c.i.embedder.EclipseLogger - Using platform encoding (Cp1252 actually) to copy filtered resources, i.e. build is platform dependent!
2023-06-18 19:54:16,790 [Worker-43: Building] INFO  o.e.m.c.i.embedder.EclipseLogger - Copying 1 resource
2023-06-18 19:54:16,791 [Worker-43: Building] WARN  o.e.m.c.i.embedder.EclipseLogger - Using platform encoding (Cp1252 actually) to copy filtered resources, i.e. build is platform dependent!
2023-06-18 19:54:16,792 [Worker-43: Building] INFO  o.e.m.c.i.embedder.EclipseLogger - Copying 0 resource
2023-06-18 19:54:22,606 [Worker-44: Building] WARN  o.e.m.c.i.embedder.EclipseLogger - Using platform encoding (Cp1252 actually) to copy filtered resources, i.e. build is platform dependent!
2023-06-18 19:54:22,607 [Worker-44: Building] INFO  o.e.m.c.i.embedder.EclipseLogger - Copying 1 resource
2023-06-18 19:54:22,608 [Worker-44: Building] WARN  o.e.m.c.i.embedder.EclipseLogger - Using platform encoding (Cp1252 actually) to copy filtered resources, i.e. build is platform dependent!
2023-06-18 19:54:22,609 [Worker-44: Building] INFO  o.e.m.c.i.embedder.EclipseLogger - Copying 0 resource
2023-06-18 20:03:53,078 [Worker-43: Launching Executing install in E__Cibertec_DesarrolloDeAplicacionesWebI_exams_cl1] INFO  o.eclipse.m2e.core.internal.Bundles - getClasspathEntries(Bundle=org.eclipse.m2e.maven.runtime_3.8.604.20221130-2149 [606])
2023-06-18 20:03:53,080 [Worker-43: Launching Executing install in E__Cibertec_DesarrolloDeAplicacionesWebI_exams_cl1] INFO  o.eclipse.m2e.core.internal.Bundles - 	Entry: E:\VisualStudioInstall\EECurrent\eclipse\plugins\org.eclipse.m2e.maven.runtime_3.8.604.20221130-2149
2023-06-18 20:03:53,080 [Worker-43: Launching Executing install in E__Cibertec_DesarrolloDeAplicacionesWebI_exams_cl1] INFO  o.eclipse.m2e.core.internal.Bundles - 	Entry: E:\VisualStudioInstall\EECurrent\eclipse\plugins\org.eclipse.m2e.maven.runtime_3.8.604.20221130-2149\jars\aether-connector-okhttp-0.17.8.jar
2023-06-18 20:03:53,080 [Worker-43: Launching Executing install in E__Cibertec_DesarrolloDeAplicacionesWebI_exams_cl1] INFO  o.eclipse.m2e.core.internal.Bundles - 	Entry: E:\VisualStudioInstall\EECurrent\eclipse\plugins\org.eclipse.m2e.maven.runtime_3.8.604.20221130-2149\jars\commons-cli-1.4.jar
2023-06-18 20:03:53,080 [Worker-43: Launching Executing install in E__Cibertec_DesarrolloDeAplicacionesWebI_exams_cl1] INFO  o.eclipse.m2e.core.internal.Bundles - 	Entry: E:\VisualStudioInstall\EECurrent\eclipse\plugins\org.eclipse.m2e.maven.runtime_3.8.604.20221130-2149\jars\commons-io-2.6.jar
2023-06-18 20:03:53,080 [Worker-43: Launching Executing install in E__Cibertec_DesarrolloDeAplicacionesWebI_exams_cl1] INFO  o.eclipse.m2e.core.internal.Bundles - 	Entry: E:\VisualStudioInstall\EECurrent\eclipse\plugins\org.eclipse.m2e.maven.runtime_3.8.604.20221130-2149\jars\commons-lang3-3.8.1.jar
2023-06-18 20:03:53,080 [Worker-43: Launching Executing install in E__Cibertec_DesarrolloDeAplicacionesWebI_exams_cl1] INFO  o.eclipse.m2e.core.internal.Bundles - 	Entry: E:\VisualStudioInstall\EECurrent\eclipse\plugins\org.eclipse.m2e.maven.runtime_3.8.604.20221130-2149\jars\guice-4.2.2-no_aop.jar
2023-06-18 20:03:53,080 [Worker-43: Launching Executing install in E__Cibertec_DesarrolloDeAplicacionesWebI_exams_cl1] INFO  o.eclipse.m2e.core.internal.Bundles - 	Entry: E:\VisualStudioInstall\EECurrent\eclipse\plugins\org.eclipse.m2e.maven.runtime_3.8.604.20221130-2149\jars\jansi-2.4.0.jar
2023-06-18 20:03:53,080 [Worker-43: Launching Executing install in E__Cibertec_DesarrolloDeAplicacionesWebI_exams_cl1] INFO  o.eclipse.m2e.core.internal.Bundles - 	Entry: E:\VisualStudioInstall\EECurrent\eclipse\plugins\org.eclipse.m2e.maven.runtime_3.8.604.20221130-2149\jars\maven-artifact-3.8.6.jar
2023-06-18 20:03:53,080 [Worker-43: Launching Executing install in E__Cibertec_DesarrolloDeAplicacionesWebI_exams_cl1] INFO  o.eclipse.m2e.core.internal.Bundles - 	Entry: E:\VisualStudioInstall\EECurrent\eclipse\plugins\org.eclipse.m2e.maven.runtime_3.8.604.20221130-2149\jars\maven-builder-support-3.8.6.jar
2023-06-18 20:03:53,080 [Worker-43: Launching Executing install in E__Cibertec_DesarrolloDeAplicacionesWebI_exams_cl1] INFO  o.eclipse.m2e.core.internal.Bundles - 	Entry: E:\VisualStudioInstall\EECurrent\eclipse\plugins\org.eclipse.m2e.maven.runtime_3.8.604.20221130-2149\jars\maven-compat-3.8.6.jar
2023-06-18 20:03:53,080 [Worker-43: Launching Executing install in E__Cibertec_DesarrolloDeAplicacionesWebI_exams_cl1] INFO  o.eclipse.m2e.core.internal.Bundles - 	Entry: E:\VisualStudioInstall\EECurrent\eclipse\plugins\org.eclipse.m2e.maven.runtime_3.8.604.20221130-2149\jars\maven-core-3.8.6.jar
2023-06-18 20:03:53,080 [Worker-43: Launching Executing install in E__Cibertec_DesarrolloDeAplicacionesWebI_exams_cl1] INFO  o.eclipse.m2e.core.internal.Bundles - 	Entry: E:\VisualStudioInstall\EECurrent\eclipse\plugins\org.eclipse.m2e.maven.runtime_3.8.604.20221130-2149\jars\maven-embedder-3.8.6.jar
2023-06-18 20:03:53,081 [Worker-43: Launching Executing install in E__Cibertec_DesarrolloDeAplicacionesWebI_exams_cl1] INFO  o.eclipse.m2e.core.internal.Bundles - 	Entry: E:\VisualStudioInstall\EECurrent\eclipse\plugins\org.eclipse.m2e.maven.runtime_3.8.604.20221130-2149\jars\maven-model-3.8.6.jar
2023-06-18 20:03:53,081 [Worker-43: Launching Executing install in E__Cibertec_DesarrolloDeAplicacionesWebI_exams_cl1] INFO  o.eclipse.m2e.core.internal.Bundles - 	Entry: E:\VisualStudioInstall\EECurrent\eclipse\plugins\org.eclipse.m2e.maven.runtime_3.8.604.20221130-2149\jars\maven-model-builder-3.8.6.jar
2023-06-18 20:03:53,081 [Worker-43: Launching Executing install in E__Cibertec_DesarrolloDeAplicacionesWebI_exams_cl1] INFO  o.eclipse.m2e.core.internal.Bundles - 	Entry: E:\VisualStudioInstall\EECurrent\eclipse\plugins\org.eclipse.m2e.maven.runtime_3.8.604.20221130-2149\jars\maven-plugin-api-3.8.6.jar
2023-06-18 20:03:53,081 [Worker-43: Launching Executing install in E__Cibertec_DesarrolloDeAplicacionesWebI_exams_cl1] INFO  o.eclipse.m2e.core.internal.Bundles - 	Entry: E:\VisualStudioInstall\EECurrent\eclipse\plugins\org.eclipse.m2e.maven.runtime_3.8.604.20221130-2149\jars\maven-repository-metadata-3.8.6.jar
2023-06-18 20:03:53,081 [Worker-43: Launching Executing install in E__Cibertec_DesarrolloDeAplicacionesWebI_exams_cl1] INFO  o.eclipse.m2e.core.internal.Bundles - 	Entry: E:\VisualStudioInstall\EECurrent\eclipse\plugins\org.eclipse.m2e.maven.runtime_3.8.604.20221130-2149\jars\maven-resolver-api-1.6.3.jar
2023-06-18 20:03:53,081 [Worker-43: Launching Executing install in E__Cibertec_DesarrolloDeAplicacionesWebI_exams_cl1] INFO  o.eclipse.m2e.core.internal.Bundles - 	Entry: E:\VisualStudioInstall\EECurrent\eclipse\plugins\org.eclipse.m2e.maven.runtime_3.8.604.20221130-2149\jars\maven-resolver-connector-basic-1.6.3.jar
2023-06-18 20:03:53,081 [Worker-43: Launching Executing install in E__Cibertec_DesarrolloDeAplicacionesWebI_exams_cl1] INFO  o.eclipse.m2e.core.internal.Bundles - 	Entry: E:\VisualStudioInstall\EECurrent\eclipse\plugins\org.eclipse.m2e.maven.runtime_3.8.604.20221130-2149\jars\maven-resolver-impl-1.6.3.jar
2023-06-18 20:03:53,081 [Worker-43: Launching Executing install in E__Cibertec_DesarrolloDeAplicacionesWebI_exams_cl1] INFO  o.eclipse.m2e.core.internal.Bundles - 	Entry: E:\VisualStudioInstall\EECurrent\eclipse\plugins\org.eclipse.m2e.maven.runtime_3.8.604.20221130-2149\jars\maven-resolver-provider-3.8.6.jar
2023-06-18 20:03:53,081 [Worker-43: Launching Executing install in E__Cibertec_DesarrolloDeAplicacionesWebI_exams_cl1] INFO  o.eclipse.m2e.core.internal.Bundles - 	Entry: E:\VisualStudioInstall\EECurrent\eclipse\plugins\org.eclipse.m2e.maven.runtime_3.8.604.20221130-2149\jars\maven-resolver-spi-1.6.3.jar
2023-06-18 20:03:53,081 [Worker-43: Launching Executing install in E__Cibertec_DesarrolloDeAplicacionesWebI_exams_cl1] INFO  o.eclipse.m2e.core.internal.Bundles - 	Entry: E:\VisualStudioInstall\EECurrent\eclipse\plugins\org.eclipse.m2e.maven.runtime_3.8.604.20221130-2149\jars\maven-resolver-transport-wagon-1.6.3.jar
2023-06-18 20:03:53,081 [Worker-43: Launching Executing install in E__Cibertec_DesarrolloDeAplicacionesWebI_exams_cl1] INFO  o.eclipse.m2e.core.internal.Bundles - 	Entry: E:\VisualStudioInstall\EECurrent\eclipse\plugins\org.eclipse.m2e.maven.runtime_3.8.604.20221130-2149\jars\maven-resolver-util-1.6.3.jar
2023-06-18 20:03:53,081 [Worker-43: Launching Executing install in E__Cibertec_DesarrolloDeAplicacionesWebI_exams_cl1] INFO  o.eclipse.m2e.core.internal.Bundles - 	Entry: E:\VisualStudioInstall\EECurrent\eclipse\plugins\org.eclipse.m2e.maven.runtime_3.8.604.20221130-2149\jars\maven-settings-3.8.6.jar
2023-06-18 20:03:53,081 [Worker-43: Launching Executing install in E__Cibertec_DesarrolloDeAplicacionesWebI_exams_cl1] INFO  o.eclipse.m2e.core.internal.Bundles - 	Entry: E:\VisualStudioInstall\EECurrent\eclipse\plugins\org.eclipse.m2e.maven.runtime_3.8.604.20221130-2149\jars\maven-settings-builder-3.8.6.jar
2023-06-18 20:03:53,081 [Worker-43: Launching Executing install in E__Cibertec_DesarrolloDeAplicacionesWebI_exams_cl1] INFO  o.eclipse.m2e.core.internal.Bundles - 	Entry: E:\VisualStudioInstall\EECurrent\eclipse\plugins\org.eclipse.m2e.maven.runtime_3.8.604.20221130-2149\jars\maven-shared-utils-3.3.4.jar
2023-06-18 20:03:53,081 [Worker-43: Launching Executing install in E__Cibertec_DesarrolloDeAplicacionesWebI_exams_cl1] INFO  o.eclipse.m2e.core.internal.Bundles - 	Entry: E:\VisualStudioInstall\EECurrent\eclipse\plugins\org.eclipse.m2e.maven.runtime_3.8.604.20221130-2149\jars\okhttp-3.14.1.jar
2023-06-18 20:03:53,081 [Worker-43: Launching Executing install in E__Cibertec_DesarrolloDeAplicacionesWebI_exams_cl1] INFO  o.eclipse.m2e.core.internal.Bundles - 	Entry: E:\VisualStudioInstall\EECurrent\eclipse\plugins\org.eclipse.m2e.maven.runtime_3.8.604.20221130-2149\jars\okio-1.17.3.jar
2023-06-18 20:03:53,081 [Worker-43: Launching Executing install in E__Cibertec_DesarrolloDeAplicacionesWebI_exams_cl1] INFO  o.eclipse.m2e.core.internal.Bundles - 	Entry: E:\VisualStudioInstall\EECurrent\eclipse\plugins\org.eclipse.m2e.maven.runtime_3.8.604.20221130-2149\jars\org.eclipse.sisu.inject-0.3.5.jar
2023-06-18 20:03:53,081 [Worker-43: Launching Executing install in E__Cibertec_DesarrolloDeAplicacionesWebI_exams_cl1] INFO  o.eclipse.m2e.core.internal.Bundles - 	Entry: E:\VisualStudioInstall\EECurrent\eclipse\plugins\org.eclipse.m2e.maven.runtime_3.8.604.20221130-2149\jars\org.eclipse.sisu.plexus-0.3.5.jar
2023-06-18 20:03:53,081 [Worker-43: Launching Executing install in E__Cibertec_DesarrolloDeAplicacionesWebI_exams_cl1] INFO  o.eclipse.m2e.core.internal.Bundles - 	Entry: E:\VisualStudioInstall\EECurrent\eclipse\plugins\org.eclipse.m2e.maven.runtime_3.8.604.20221130-2149\jars\plexus-build-api-0.0.7.jar
2023-06-18 20:03:53,081 [Worker-43: Launching Executing install in E__Cibertec_DesarrolloDeAplicacionesWebI_exams_cl1] INFO  o.eclipse.m2e.core.internal.Bundles - 	Entry: E:\VisualStudioInstall\EECurrent\eclipse\plugins\org.eclipse.m2e.maven.runtime_3.8.604.20221130-2149\jars\plexus-cipher-2.0.jar
2023-06-18 20:03:53,082 [Worker-43: Launching Executing install in E__Cibertec_DesarrolloDeAplicacionesWebI_exams_cl1] INFO  o.eclipse.m2e.core.internal.Bundles - 	Entry: E:\VisualStudioInstall\EECurrent\eclipse\plugins\org.eclipse.m2e.maven.runtime_3.8.604.20221130-2149\jars\plexus-classworlds-2.6.0.jar
2023-06-18 20:03:53,082 [Worker-43: Launching Executing install in E__Cibertec_DesarrolloDeAplicacionesWebI_exams_cl1] INFO  o.eclipse.m2e.core.internal.Bundles - 	Entry: E:\VisualStudioInstall\EECurrent\eclipse\plugins\org.eclipse.m2e.maven.runtime_3.8.604.20221130-2149\jars\plexus-component-annotations-2.1.0.jar
2023-06-18 20:03:53,082 [Worker-43: Launching Executing install in E__Cibertec_DesarrolloDeAplicacionesWebI_exams_cl1] INFO  o.eclipse.m2e.core.internal.Bundles - 	Entry: E:\VisualStudioInstall\EECurrent\eclipse\plugins\org.eclipse.m2e.maven.runtime_3.8.604.20221130-2149\jars\plexus-interpolation-1.26.jar
2023-06-18 20:03:53,082 [Worker-43: Launching Executing install in E__Cibertec_DesarrolloDeAplicacionesWebI_exams_cl1] INFO  o.eclipse.m2e.core.internal.Bundles - 	Entry: E:\VisualStudioInstall\EECurrent\eclipse\plugins\org.eclipse.m2e.maven.runtime_3.8.604.20221130-2149\jars\plexus-sec-dispatcher-2.0.jar
2023-06-18 20:03:53,082 [Worker-43: Launching Executing install in E__Cibertec_DesarrolloDeAplicacionesWebI_exams_cl1] INFO  o.eclipse.m2e.core.internal.Bundles - 	Entry: E:\VisualStudioInstall\EECurrent\eclipse\plugins\org.eclipse.m2e.maven.runtime_3.8.604.20221130-2149\jars\plexus-utils-3.3.1.jar
2023-06-18 20:03:53,082 [Worker-43: Launching Executing install in E__Cibertec_DesarrolloDeAplicacionesWebI_exams_cl1] INFO  o.eclipse.m2e.core.internal.Bundles - 	Entry: E:\VisualStudioInstall\EECurrent\eclipse\plugins\org.eclipse.m2e.maven.runtime_3.8.604.20221130-2149\jars\wagon-file-3.5.1.jar
2023-06-18 20:03:53,082 [Worker-43: Launching Executing install in E__Cibertec_DesarrolloDeAplicacionesWebI_exams_cl1] INFO  o.eclipse.m2e.core.internal.Bundles - 	Entry: E:\VisualStudioInstall\EECurrent\eclipse\plugins\org.eclipse.m2e.maven.runtime_3.8.604.20221130-2149\jars\wagon-provider-api-3.5.1.jar
2023-06-18 20:03:53,083 [Worker-43: Launching Executing install in E__Cibertec_DesarrolloDeAplicacionesWebI_exams_cl1] INFO  o.eclipse.m2e.core.internal.Bundles - getClasspathEntries(Bundle=com.google.guava_30.1.0.v20221112-0806 [10])
2023-06-18 20:03:53,098 [Worker-43: Launching Executing install in E__Cibertec_DesarrolloDeAplicacionesWebI_exams_cl1] INFO  o.eclipse.m2e.core.internal.Bundles - 	Entry: E:\VisualStudioInstall\EECurrent\eclipse\plugins\com.google.guava_30.1.0.v20221112-0806.jar
2023-06-18 20:03:53,098 [Worker-43: Launching Executing install in E__Cibertec_DesarrolloDeAplicacionesWebI_exams_cl1] INFO  o.eclipse.m2e.core.internal.Bundles - getClasspathEntries(Bundle=slf4j.api_1.7.36 [918])
2023-06-18 20:03:53,098 [Worker-43: Launching Executing install in E__Cibertec_DesarrolloDeAplicacionesWebI_exams_cl1] INFO  o.eclipse.m2e.core.internal.Bundles - 	Entry: E:\VisualStudioInstall\EECurrent\eclipse\plugins\slf4j.api_1.7.36.jar
2023-06-18 20:03:53,098 [Worker-43: Launching Executing install in E__Cibertec_DesarrolloDeAplicacionesWebI_exams_cl1] INFO  o.eclipse.m2e.core.internal.Bundles - getClasspathEntries(Bundle=javax.inject_1.0.0.v20220405-0441 [32])
2023-06-18 20:03:53,099 [Worker-43: Launching Executing install in E__Cibertec_DesarrolloDeAplicacionesWebI_exams_cl1] INFO  o.eclipse.m2e.core.internal.Bundles - 	Entry: E:\VisualStudioInstall\EECurrent\eclipse\plugins\javax.inject_1.0.0.v20220405-0441.jar
2023-06-18 20:03:53,099 [Worker-43: Launching Executing install in E__Cibertec_DesarrolloDeAplicacionesWebI_exams_cl1] INFO  o.eclipse.m2e.core.internal.Bundles - getClasspathEntries(Bundle=javax.annotation_1.3.5.v20221112-0806 [30])
2023-06-18 20:03:53,103 [Worker-43: Launching Executing install in E__Cibertec_DesarrolloDeAplicacionesWebI_exams_cl1] INFO  o.eclipse.m2e.core.internal.Bundles - 	Entry: E:\VisualStudioInstall\EECurrent\eclipse\plugins\javax.annotation_1.3.5.v20221112-0806.jar
2023-06-18 20:03:53,106 [Worker-43: Launching Executing install in E__Cibertec_DesarrolloDeAplicacionesWebI_exams_cl1] INFO  o.e.m.i.launch.MavenLaunchDelegate - Run build in "E:\Cibertec\DesarrolloDeAplicacionesWebI\exams\cl1":
2023-06-18 20:03:53,106 [Worker-43: Launching Executing install in E__Cibertec_DesarrolloDeAplicacionesWebI_exams_cl1] INFO  o.e.m.i.launch.MavenLaunchDelegate -  mvn  -B -Dstyle.color=always install
2023-06-18 20:03:55,633 [Worker-46: Building] WARN  o.e.m.c.i.embedder.EclipseLogger - Using platform encoding (Cp1252 actually) to copy filtered resources, i.e. build is platform dependent!
2023-06-18 20:03:55,633 [Worker-46: Building] INFO  o.e.m.c.i.embedder.EclipseLogger - Copying 0 resource
2023-06-18 20:03:55,634 [Worker-46: Building] WARN  o.e.m.c.i.embedder.EclipseLogger - Using platform encoding (Cp1252 actually) to copy filtered resources, i.e. build is platform dependent!
2023-06-18 20:03:55,635 [Worker-46: Building] INFO  o.e.m.c.i.embedder.EclipseLogger - Copying 0 resource
2023-06-18 20:08:18,758 [Worker-48: Building] INFO  o.e.m.c.i.e.AbstractTransferListenerAdapter - Downloading https://repo.maven.apache.org/maven2/org/apache/maven/plugins/maven-compiler-plugin/3.8.1/maven-compiler-plugin-3.8.1.jar
2023-06-18 20:08:18,837 [Worker-48: Building] INFO  o.e.m.c.i.e.AbstractTransferListenerAdapter - Downloaded https://repo.maven.apache.org/maven2/org/apache/maven/plugins/maven-compiler-plugin/3.8.1/maven-compiler-plugin-3.8.1.jar
2023-06-18 20:08:18,884 [Worker-48: Building] INFO  o.e.m.c.i.e.AbstractTransferListenerAdapter - Downloading https://repo.maven.apache.org/maven2/org/apache/maven/plugins/maven-compiler-plugin/3.8.1/maven-compiler-plugin-3.8.1.pom
2023-06-18 20:08:18,926 [Worker-48: Building] INFO  o.e.m.c.i.e.AbstractTransferListenerAdapter - Downloaded https://repo.maven.apache.org/maven2/org/apache/maven/plugins/maven-compiler-plugin/3.8.1/maven-compiler-plugin-3.8.1.pom
2023-06-18 20:08:18,953 [Worker-48: Building] INFO  o.e.m.c.i.e.AbstractTransferListenerAdapter - Downloading https://repo.maven.apache.org/maven2/org/apache/maven/plugins/maven-plugins/33/maven-plugins-33.pom
2023-06-18 20:08:19,014 [Worker-48: Building] INFO  o.e.m.c.i.e.AbstractTransferListenerAdapter - Downloaded https://repo.maven.apache.org/maven2/org/apache/maven/plugins/maven-plugins/33/maven-plugins-33.pom
2023-06-18 20:08:20,286 [Worker-48: Building] INFO  o.e.m.c.i.l.LifecycleMappingFactory - Using org.eclipse.m2e.jdt.JarLifecycleMapping lifecycle mapping for MavenProject: daw.cl1.igme.marcial:cl1:0.0.1-SNAPSHOT @ E:\Cibertec\DesarrolloDeAplicacionesWebI\exams\cl1\pom.xml.
2023-06-18 20:08:20,452 [Worker-48: Building] WARN  o.e.m.c.i.embedder.EclipseLogger - Using platform encoding (Cp1252 actually) to copy filtered resources, i.e. build is platform dependent!
2023-06-18 20:08:20,453 [Worker-48: Building] INFO  o.e.m.c.i.embedder.EclipseLogger - Copying 0 resource
2023-06-18 20:08:20,455 [Worker-48: Building] WARN  o.e.m.c.i.embedder.EclipseLogger - Using platform encoding (Cp1252 actually) to copy filtered resources, i.e. build is platform dependent!
2023-06-18 20:08:20,456 [Worker-48: Building] INFO  o.e.m.c.i.embedder.EclipseLogger - Copying 0 resource
2023-06-18 20:08:20,552 [Worker-50: Updating Maven Project] INFO  o.e.m.c.i.p.ProjectConfigurationManager - Update started
2023-06-18 20:08:20,714 [Worker-50: Updating Maven Project] INFO  o.e.m.c.i.l.LifecycleMappingFactory - Using org.eclipse.m2e.jdt.JarLifecycleMapping lifecycle mapping for MavenProject: daw.cl1.igme.marcial:cl1:0.0.1-SNAPSHOT @ E:\Cibertec\DesarrolloDeAplicacionesWebI\exams\cl1\pom.xml.
2023-06-18 20:08:20,842 [Worker-50: Updating Maven Project] INFO  o.e.m.j.i.AbstractJavaProjectConfigurator - Adding source folder /cl1/src/main/java
2023-06-18 20:08:20,842 [Worker-50: Updating Maven Project] INFO  o.e.m.j.i.AbstractJavaProjectConfigurator - Adding resource folder /cl1/src/main/resources
2023-06-18 20:08:20,843 [Worker-50: Updating Maven Project] INFO  o.e.m.j.i.AbstractJavaProjectConfigurator - Adding source folder /cl1/src/test/java
2023-06-18 20:08:20,843 [Worker-50: Updating Maven Project] INFO  o.e.m.j.i.AbstractJavaProjectConfigurator - Adding resource folder /cl1/src/test/resources
2023-06-18 20:08:21,724 [Worker-50: Updating Maven Project] INFO  o.e.m.c.i.p.ProjectConfigurationManager - Update completed for 1 poms: local refresh takes 0.00 sec, refresh facades takes 0.00 sec, update config takes 0.00 sec 
2023-06-18 20:08:23,013 [Worker-54: Building] WARN  o.e.m.c.i.embedder.EclipseLogger - Using platform encoding (Cp1252 actually) to copy filtered resources, i.e. build is platform dependent!
2023-06-18 20:08:23,014 [Worker-54: Building] INFO  o.e.m.c.i.embedder.EclipseLogger - Copying 1 resource
2023-06-18 20:08:23,021 [Worker-54: Building] WARN  o.e.m.c.i.embedder.EclipseLogger - Using platform encoding (Cp1252 actually) to copy filtered resources, i.e. build is platform dependent!
2023-06-18 20:08:23,021 [Worker-54: Building] INFO  o.e.m.c.i.embedder.EclipseLogger - Copying 0 resource
2023-06-18 20:08:31,144 [Worker-53: Launching Executing install in E__Cibertec_DesarrolloDeAplicacionesWebI_exams_cl1] INFO  o.e.m.i.launch.MavenLaunchDelegate - Run build in "E:\Cibertec\DesarrolloDeAplicacionesWebI\exams\cl1":
2023-06-18 20:08:31,144 [Worker-53: Launching Executing install in E__Cibertec_DesarrolloDeAplicacionesWebI_exams_cl1] INFO  o.e.m.i.launch.MavenLaunchDelegate -  mvn  -B -Dstyle.color=always install
2023-06-18 20:08:34,219 [Worker-58: Building] WARN  o.e.m.c.i.embedder.EclipseLogger - Using platform encoding (Cp1252 actually) to copy filtered resources, i.e. build is platform dependent!
2023-06-18 20:08:34,221 [Worker-58: Building] INFO  o.e.m.c.i.embedder.EclipseLogger - Copying 0 resource
2023-06-18 20:08:34,222 [Worker-58: Building] WARN  o.e.m.c.i.embedder.EclipseLogger - Using platform encoding (Cp1252 actually) to copy filtered resources, i.e. build is platform dependent!
2023-06-18 20:08:34,223 [Worker-58: Building] INFO  o.e.m.c.i.embedder.EclipseLogger - Copying 0 resource
2023-06-18 20:12:42,605 [Worker-52: Building] WARN  o.e.m.c.i.embedder.EclipseLogger - Using platform encoding (Cp1252 actually) to copy filtered resources, i.e. build is platform dependent!
2023-06-18 20:12:42,606 [Worker-52: Building] INFO  o.e.m.c.i.embedder.EclipseLogger - Copying 1 resource
2023-06-18 20:12:42,608 [Worker-52: Building] WARN  o.e.m.c.i.embedder.EclipseLogger - Using platform encoding (Cp1252 actually) to copy filtered resources, i.e. build is platform dependent!
2023-06-18 20:12:42,608 [Worker-52: Building] INFO  o.e.m.c.i.embedder.EclipseLogger - Copying 0 resource
2023-06-18 20:12:46,637 [Worker-52: Building] WARN  o.e.m.c.i.embedder.EclipseLogger - Using platform encoding (Cp1252 actually) to copy filtered resources, i.e. build is platform dependent!
2023-06-18 20:12:46,637 [Worker-52: Building] INFO  o.e.m.c.i.embedder.EclipseLogger - Copying 1 resource
2023-06-18 20:12:46,639 [Worker-52: Building] WARN  o.e.m.c.i.embedder.EclipseLogger - Using platform encoding (Cp1252 actually) to copy filtered resources, i.e. build is platform dependent!
2023-06-18 20:12:46,639 [Worker-52: Building] INFO  o.e.m.c.i.embedder.EclipseLogger - Copying 0 resource
2023-06-18 20:13:08,975 [Worker-50: Launching Executing install in E__Cibertec_DesarrolloDeAplicacionesWebI_exams_cl1] INFO  o.e.m.i.launch.MavenLaunchDelegate - Run build in "E:\Cibertec\DesarrolloDeAplicacionesWebI\exams\cl1":
2023-06-18 20:13:08,975 [Worker-50: Launching Executing install in E__Cibertec_DesarrolloDeAplicacionesWebI_exams_cl1] INFO  o.e.m.i.launch.MavenLaunchDelegate -  mvn  -B -Dstyle.color=always install
2023-06-18 20:13:11,400 [Worker-62: Building] WARN  o.e.m.c.i.embedder.EclipseLogger - Using platform encoding (Cp1252 actually) to copy filtered resources, i.e. build is platform dependent!
2023-06-18 20:13:11,401 [Worker-62: Building] INFO  o.e.m.c.i.embedder.EclipseLogger - Copying 0 resource
2023-06-18 20:13:11,402 [Worker-62: Building] WARN  o.e.m.c.i.embedder.EclipseLogger - Using platform encoding (Cp1252 actually) to copy filtered resources, i.e. build is platform dependent!
2023-06-18 20:13:11,402 [Worker-62: Building] INFO  o.e.m.c.i.embedder.EclipseLogger - Copying 0 resource
2023-06-18 20:14:54,782 [Worker-60: Launching Executing install in E__Cibertec_DesarrolloDeAplicacionesWebI_exams_cl1] INFO  o.e.m.i.launch.MavenLaunchDelegate - Run build in "E:\Cibertec\DesarrolloDeAplicacionesWebI\exams\cl1":
2023-06-18 20:14:54,782 [Worker-60: Launching Executing install in E__Cibertec_DesarrolloDeAplicacionesWebI_exams_cl1] INFO  o.e.m.i.launch.MavenLaunchDelegate -  mvn  -B -Dstyle.color=always install
2023-06-18 20:14:57,215 [Worker-60: Building] WARN  o.e.m.c.i.embedder.EclipseLogger - Using platform encoding (Cp1252 actually) to copy filtered resources, i.e. build is platform dependent!
2023-06-18 20:14:57,216 [Worker-60: Building] INFO  o.e.m.c.i.embedder.EclipseLogger - Copying 0 resource
2023-06-18 20:14:57,219 [Worker-60: Building] WARN  o.e.m.c.i.embedder.EclipseLogger - Using platform encoding (Cp1252 actually) to copy filtered resources, i.e. build is platform dependent!
2023-06-18 20:14:57,221 [Worker-60: Building] INFO  o.e.m.c.i.embedder.EclipseLogger - Copying 0 resource
2023-06-18 20:15:19,037 [Worker-65: Building] WARN  o.e.m.c.i.embedder.EclipseLogger - Using platform encoding (Cp1252 actually) to copy filtered resources, i.e. build is platform dependent!
2023-06-18 20:15:19,038 [Worker-65: Building] INFO  o.e.m.c.i.embedder.EclipseLogger - Copying 1 resource
2023-06-18 20:15:19,039 [Worker-65: Building] WARN  o.e.m.c.i.embedder.EclipseLogger - Using platform encoding (Cp1252 actually) to copy filtered resources, i.e. build is platform dependent!
2023-06-18 20:15:19,040 [Worker-65: Building] INFO  o.e.m.c.i.embedder.EclipseLogger - Copying 0 resource
2023-06-18 20:15:32,265 [Worker-63: Launching Executing install in E__Cibertec_DesarrolloDeAplicacionesWebI_exams_cl1] INFO  o.e.m.i.launch.MavenLaunchDelegate - Run build in "E:\Cibertec\DesarrolloDeAplicacionesWebI\exams\cl1":
2023-06-18 20:15:32,265 [Worker-63: Launching Executing install in E__Cibertec_DesarrolloDeAplicacionesWebI_exams_cl1] INFO  o.e.m.i.launch.MavenLaunchDelegate -  mvn  -B -Dstyle.color=always install
2023-06-18 20:15:34,761 [Worker-65: Building] WARN  o.e.m.c.i.embedder.EclipseLogger - Using platform encoding (Cp1252 actually) to copy filtered resources, i.e. build is platform dependent!
2023-06-18 20:15:34,762 [Worker-65: Building] INFO  o.e.m.c.i.embedder.EclipseLogger - Copying 0 resource
2023-06-18 20:15:34,766 [Worker-65: Building] WARN  o.e.m.c.i.embedder.EclipseLogger - Using platform encoding (Cp1252 actually) to copy filtered resources, i.e. build is platform dependent!
2023-06-18 20:15:34,766 [Worker-65: Building] INFO  o.e.m.c.i.embedder.EclipseLogger - Copying 0 resource
2023-06-18 20:15:54,047 [Worker-63: Building] WARN  o.e.m.c.i.embedder.EclipseLogger - Using platform encoding (Cp1252 actually) to copy filtered resources, i.e. build is platform dependent!
2023-06-18 20:15:54,048 [Worker-63: Building] INFO  o.e.m.c.i.embedder.EclipseLogger - Copying 1 resource
2023-06-18 20:15:54,049 [Worker-63: Building] WARN  o.e.m.c.i.embedder.EclipseLogger - Using platform encoding (Cp1252 actually) to copy filtered resources, i.e. build is platform dependent!
2023-06-18 20:15:54,050 [Worker-63: Building] INFO  o.e.m.c.i.embedder.EclipseLogger - Copying 0 resource
2023-06-18 20:15:59,486 [Worker-60: Building] WARN  o.e.m.c.i.embedder.EclipseLogger - Using platform encoding (Cp1252 actually) to copy filtered resources, i.e. build is platform dependent!
2023-06-18 20:15:59,486 [Worker-60: Building] INFO  o.e.m.c.i.embedder.EclipseLogger - Copying 1 resource
2023-06-18 20:15:59,488 [Worker-60: Building] WARN  o.e.m.c.i.embedder.EclipseLogger - Using platform encoding (Cp1252 actually) to copy filtered resources, i.e. build is platform dependent!
2023-06-18 20:15:59,488 [Worker-60: Building] INFO  o.e.m.c.i.embedder.EclipseLogger - Copying 0 resource
2023-06-18 20:16:06,906 [Worker-63: Launching Executing install in E__Cibertec_DesarrolloDeAplicacionesWebI_exams_cl1] INFO  o.e.m.i.launch.MavenLaunchDelegate - Run build in "E:\Cibertec\DesarrolloDeAplicacionesWebI\exams\cl1":
2023-06-18 20:16:06,906 [Worker-63: Launching Executing install in E__Cibertec_DesarrolloDeAplicacionesWebI_exams_cl1] INFO  o.e.m.i.launch.MavenLaunchDelegate -  mvn  -B -Dstyle.color=always install
2023-06-18 20:16:09,500 [Worker-65: Building] WARN  o.e.m.c.i.embedder.EclipseLogger - Using platform encoding (Cp1252 actually) to copy filtered resources, i.e. build is platform dependent!
2023-06-18 20:16:09,503 [Worker-65: Building] INFO  o.e.m.c.i.embedder.EclipseLogger - Copying 0 resource
2023-06-18 20:16:09,511 [Worker-65: Building] WARN  o.e.m.c.i.embedder.EclipseLogger - Using platform encoding (Cp1252 actually) to copy filtered resources, i.e. build is platform dependent!
2023-06-18 20:16:09,515 [Worker-65: Building] INFO  o.e.m.c.i.embedder.EclipseLogger - Copying 0 resource
2023-06-18 20:18:00,572 [Worker-64: Launching Executing install in E__Cibertec_DesarrolloDeAplicacionesWebI_exams_cl1] INFO  o.e.m.i.launch.MavenLaunchDelegate - Run build in "E:\Cibertec\DesarrolloDeAplicacionesWebI\exams\cl1":
2023-06-18 20:18:00,572 [Worker-64: Launching Executing install in E__Cibertec_DesarrolloDeAplicacionesWebI_exams_cl1] INFO  o.e.m.i.launch.MavenLaunchDelegate -  mvn  -B -Dstyle.color=always install
2023-06-18 20:18:03,074 [Worker-64: Building] WARN  o.e.m.c.i.embedder.EclipseLogger - Using platform encoding (Cp1252 actually) to copy filtered resources, i.e. build is platform dependent!
2023-06-18 20:18:03,075 [Worker-64: Building] INFO  o.e.m.c.i.embedder.EclipseLogger - Copying 0 resource
2023-06-18 20:18:03,078 [Worker-64: Building] WARN  o.e.m.c.i.embedder.EclipseLogger - Using platform encoding (Cp1252 actually) to copy filtered resources, i.e. build is platform dependent!
2023-06-18 20:18:03,079 [Worker-64: Building] INFO  o.e.m.c.i.embedder.EclipseLogger - Copying 0 resource
2023-06-18 20:28:44,828 [Worker-64: Building] INFO  o.e.m.c.i.l.LifecycleMappingFactory - Using org.eclipse.m2e.jdt.JarLifecycleMapping lifecycle mapping for MavenProject: daw.cl1.igme.marcial:cl1:0.0.2-SNAPSHOT @ E:\Cibertec\DesarrolloDeAplicacionesWebI\exams\cl1\pom.xml.
2023-06-18 20:28:44,954 [Worker-64: Building] WARN  o.e.m.c.i.embedder.EclipseLogger - Using platform encoding (Cp1252 actually) to copy filtered resources, i.e. build is platform dependent!
2023-06-18 20:28:44,955 [Worker-64: Building] INFO  o.e.m.c.i.embedder.EclipseLogger - Copying 0 resource
2023-06-18 20:28:44,957 [Worker-64: Building] WARN  o.e.m.c.i.embedder.EclipseLogger - Using platform encoding (Cp1252 actually) to copy filtered resources, i.e. build is platform dependent!
2023-06-18 20:28:44,958 [Worker-64: Building] INFO  o.e.m.c.i.embedder.EclipseLogger - Copying 0 resource
2023-06-18 20:28:56,723 [Worker-69: Launching Executing install in E__Cibertec_DesarrolloDeAplicacionesWebI_exams_cl1] INFO  o.e.m.i.launch.MavenLaunchDelegate - Run build in "E:\Cibertec\DesarrolloDeAplicacionesWebI\exams\cl1":
2023-06-18 20:28:56,724 [Worker-69: Launching Executing install in E__Cibertec_DesarrolloDeAplicacionesWebI_exams_cl1] INFO  o.e.m.i.launch.MavenLaunchDelegate -  mvn  -B -Dstyle.color=always install
2023-06-18 20:28:59,113 [Worker-67: Building] WARN  o.e.m.c.i.embedder.EclipseLogger - Using platform encoding (Cp1252 actually) to copy filtered resources, i.e. build is platform dependent!
2023-06-18 20:28:59,114 [Worker-67: Building] INFO  o.e.m.c.i.embedder.EclipseLogger - Copying 0 resource
2023-06-18 20:28:59,115 [Worker-67: Building] WARN  o.e.m.c.i.embedder.EclipseLogger - Using platform encoding (Cp1252 actually) to copy filtered resources, i.e. build is platform dependent!
2023-06-18 20:28:59,116 [Worker-67: Building] INFO  o.e.m.c.i.embedder.EclipseLogger - Copying 0 resource
